  Account.cpp
  Application.cpp
  Archetype.cpp
  Communicable.cpp
  Component.cpp
  Displayable.cpp
  Engine.cpp
  EntityManager.cpp
  FiniteStateMachine.cpp
FiniteStateMachine.cpp(32): warning C4101: 'e' : variable locale non référencée
  GraphicEngine.cpp
  Grid.cpp
  Limiter.cpp
  main.cpp
  Message.cpp
  Office.cpp
  System.cpp
  Génération de code en cours
  All 1740 functions were compiled because no usable IPDB/IOBJ from previous compilation was found.
  Fin de la génération du code
  GameOfLife.vcxproj -> g:\workspace\GameOfLife\Release\GameOfLife.exe
